2023-05-26 11:58:00,052:WARNING:
'cuml' is a soft dependency and not included in the pycaret installation. Please run: `pip install cuml` to install.
2023-05-26 11:58:00,052:WARNING:
'cuml' is a soft dependency and not included in the pycaret installation. Please run: `pip install cuml` to install.
2023-05-26 11:58:00,052:WARNING:
'cuml' is a soft dependency and not included in the pycaret installation. Please run: `pip install cuml` to install.
2023-05-26 11:58:00,052:WARNING:
'cuml' is a soft dependency and not included in the pycaret installation. Please run: `pip install cuml` to install.
2023-05-26 11:58:06,975:WARNING:
'prophet' is a soft dependency and not included in the pycaret installation. Please run: `pip install prophet` to install.
2023-05-26 11:58:11,921:INFO:Initializing load_model()
2023-05-26 11:58:11,921:INFO:load_model(model_name=lightgbm, platform=None, authentication=None, verbose=True)
2023-05-26 11:58:57,795:WARNING:
'cuml' is a soft dependency and not included in the pycaret installation. Please run: `pip install cuml` to install.
2023-05-26 11:58:57,795:WARNING:
'cuml' is a soft dependency and not included in the pycaret installation. Please run: `pip install cuml` to install.
2023-05-26 11:58:57,795:WARNING:
'cuml' is a soft dependency and not included in the pycaret installation. Please run: `pip install cuml` to install.
2023-05-26 11:58:57,795:WARNING:
'cuml' is a soft dependency and not included in the pycaret installation. Please run: `pip install cuml` to install.
2023-05-26 11:58:58,195:WARNING:
'prophet' is a soft dependency and not included in the pycaret installation. Please run: `pip install prophet` to install.
2023-05-26 11:58:58,664:INFO:Initializing load_model()
2023-05-26 11:58:58,664:INFO:load_model(model_name=lightgbm, platform=None, authentication=None, verbose=True)
2023-05-26 11:58:58,665:WARNING:/Users/albamolerachacon/opt/anaconda3/lib/python3.9/site-packages/sklearn/base.py:329: UserWarning: Trying to unpickle estimator LabelEncoder from version 1.2.2 when using version 1.0.2. This might lead to breaking code or invalid results. Use at your own risk. For more info please refer to:
https://scikit-learn.org/stable/modules/model_persistence.html#security-maintainability-limitations
  warnings.warn(

2023-05-26 11:58:58,665:WARNING:/Users/albamolerachacon/opt/anaconda3/lib/python3.9/site-packages/sklearn/base.py:329: UserWarning: Trying to unpickle estimator SimpleImputer from version 1.2.2 when using version 1.0.2. This might lead to breaking code or invalid results. Use at your own risk. For more info please refer to:
https://scikit-learn.org/stable/modules/model_persistence.html#security-maintainability-limitations
  warnings.warn(

2023-05-26 11:58:58,668:WARNING:/Users/albamolerachacon/opt/anaconda3/lib/python3.9/site-packages/sklearn/base.py:329: UserWarning: Trying to unpickle estimator NearestNeighbors from version 1.2.2 when using version 1.0.2. This might lead to breaking code or invalid results. Use at your own risk. For more info please refer to:
https://scikit-learn.org/stable/modules/model_persistence.html#security-maintainability-limitations
  warnings.warn(

2023-05-26 11:58:58,668:WARNING:/Users/albamolerachacon/opt/anaconda3/lib/python3.9/site-packages/sklearn/base.py:329: UserWarning: Trying to unpickle estimator PowerTransformer from version 1.2.2 when using version 1.0.2. This might lead to breaking code or invalid results. Use at your own risk. For more info please refer to:
https://scikit-learn.org/stable/modules/model_persistence.html#security-maintainability-limitations
  warnings.warn(

2023-05-26 11:58:58,668:WARNING:/Users/albamolerachacon/opt/anaconda3/lib/python3.9/site-packages/sklearn/base.py:329: UserWarning: Trying to unpickle estimator StandardScaler from version 1.2.2 when using version 1.0.2. This might lead to breaking code or invalid results. Use at your own risk. For more info please refer to:
https://scikit-learn.org/stable/modules/model_persistence.html#security-maintainability-limitations
  warnings.warn(

2023-05-26 11:58:58,669:WARNING:/Users/albamolerachacon/opt/anaconda3/lib/python3.9/site-packages/sklearn/base.py:329: UserWarning: Trying to unpickle estimator KNeighborsClassifier from version 1.2.2 when using version 1.0.2. This might lead to breaking code or invalid results. Use at your own risk. For more info please refer to:
https://scikit-learn.org/stable/modules/model_persistence.html#security-maintainability-limitations
  warnings.warn(

2023-05-26 11:58:58,670:WARNING:/Users/albamolerachacon/opt/anaconda3/lib/python3.9/site-packages/pycaret/internal/pipeline.py:135: UserWarning: Version mismatch:
current: {'deps_info': {'pip': '22.2.2', 'setuptools': '63.4.1', 'pycaret': '3.0.2', 'IPython': '7.31.1', 'ipywidgets': '7.6.5', 'tqdm': '4.64.1', 'numpy': '1.21.5', 'pandas': '1.4.4', 'jinja2': '2.11.3', 'scipy': '1.9.1', 'joblib': '1.2.0', 'sklearn': '1.0.2', 'pyod': '1.0.9', 'imblearn': '0.10.1', 'category_encoders': '2.6.1', 'lightgbm': '3.3.5', 'numba': '0.55.1', 'requests': '2.28.1', 'matplotlib': '3.5.2', 'scikitplot': '0.3.7', 'yellowbrick': '1.5', 'plotly': '5.9.0', 'kaleido': '0.2.1', 'statsmodels': '0.13.2', 'sktime': '0.17.0', 'tbats': '1.1.3', 'pmdarima': '2.0.3', 'psutil': '5.9.0'}, 'python': {'version': '3.9.13', 'machine': 'x86_64'}}
pickle: {'deps_info': {'pip': '23.1.2', 'setuptools': '67.7.2', 'pycaret': '3.0.2', 'IPython': '7.34.0', 'ipywidgets': '7.7.1', 'tqdm': '4.64.1', 'numpy': '1.22.4', 'pandas': '1.5.3', 'jinja2': '3.1.2', 'scipy': '1.9.3', 'joblib': '1.2.0', 'sklearn': '1.2.2', 'pyod': '1.0.9', 'imblearn': '0.10.1', 'category_encoders': '2.6.1', 'lightgbm': '3.3.5', 'numba': '0.56.4', 'requests': '2.27.1', 'matplotlib': '3.6.3', 'scikitplot': '0.3.7', 'yellowbrick': '1.5', 'plotly': '5.13.1', 'kaleido': '0.2.1', 'statsmodels': '0.13.5', 'sktime': '0.17.0', 'tbats': '1.1.3', 'pmdarima': '2.0.3', 'psutil': '5.9.5'}, 'python': {'version': '3.10.11', 'machine': 'x86_64'}}
  warnings.warn(

2023-05-26 12:04:17,266:INFO:Initializing predict_model()
2023-05-26 12:04:17,267:INFO:predict_model(self=<pycaret.classification.oop.ClassificationExperiment object at 0x7fd02002e670>, estimator=Pipeline(memory=FastMemory(location=/tmp/joblib),
         steps=[('label_encoding',
                 TransformerWrapperWithInverse(transformer=LabelEncoder())),
                ('numerical_imputer',
                 TransformerWrapper(include=['Age', 'Gender', 'Air Pollution',
                                             'Alcohol use', 'Dust Allergy',
                                             'OccuPational Hazards',
                                             'Genetic Risk',
                                             'chronic Lung Disease',
                                             'Balanced Diet', 'Obesity',
                                             'Smoking', 'Passive Smoker',
                                             'Ch...
                ('balance',
                 TransformerWrapper(transformer=FixImbalancer(estimator=SMOTE()))),
                ('transformation',
                 TransformerWrapper(transformer=PowerTransformer(standardize=False))),
                ('normalize', TransformerWrapper(transformer=StandardScaler())),
                ('clean_column_names',
                 TransformerWrapper(transformer=CleanColumnNames())),
                ('trained_model', KNeighborsClassifier(n_jobs=-1))]), probability_threshold=None, encoded_labels=False, raw_score=False, round=4, verbose=True, ml_usecase=None, preprocess=True, encode_labels=<function _SupervisedExperiment.predict_model.<locals>.encode_labels at 0x7fd056c65700>)
2023-05-26 12:04:17,267:INFO:Checking exceptions
2023-05-26 12:04:17,267:INFO:Preloading libraries
2023-05-26 12:04:17,267:INFO:Set up data.
2023-05-26 12:04:17,275:INFO:Set up index.
2023-05-26 12:04:17,325:WARNING:/Users/albamolerachacon/opt/anaconda3/lib/python3.9/site-packages/sklearn/neighbors/_classification.py:228: FutureWarning: Unlike other reduction functions (e.g. `skew`, `kurtosis`), the default behavior of `mode` typically preserves the axis it acts along. In SciPy 1.11.0, this behavior will change: the default value of `keepdims` will become False, the `axis` over which the statistic is taken will be eliminated, and the value None will no longer be accepted. Set `keepdims` to True or False to avoid this warning.
  mode, _ = stats.mode(_y[neigh_ind, k], axis=1)

2023-05-26 12:07:48,314:INFO:Initializing predict_model()
2023-05-26 12:07:48,315:INFO:predict_model(self=<pycaret.classification.oop.ClassificationExperiment object at 0x7fd02002e6a0>, estimator=Pipeline(memory=FastMemory(location=/tmp/joblib),
         steps=[('label_encoding',
                 TransformerWrapperWithInverse(transformer=LabelEncoder())),
                ('numerical_imputer',
                 TransformerWrapper(include=['Age', 'Gender', 'Air Pollution',
                                             'Alcohol use', 'Dust Allergy',
                                             'OccuPational Hazards',
                                             'Genetic Risk',
                                             'chronic Lung Disease',
                                             'Balanced Diet', 'Obesity',
                                             'Smoking', 'Passive Smoker',
                                             'Ch...
                ('balance',
                 TransformerWrapper(transformer=FixImbalancer(estimator=SMOTE()))),
                ('transformation',
                 TransformerWrapper(transformer=PowerTransformer(standardize=False))),
                ('normalize', TransformerWrapper(transformer=StandardScaler())),
                ('clean_column_names',
                 TransformerWrapper(transformer=CleanColumnNames())),
                ('trained_model', KNeighborsClassifier(n_jobs=-1))]), probability_threshold=None, encoded_labels=False, raw_score=False, round=4, verbose=True, ml_usecase=None, preprocess=True, encode_labels=<function _SupervisedExperiment.predict_model.<locals>.encode_labels at 0x7fd056c65700>)
2023-05-26 12:07:48,315:INFO:Checking exceptions
2023-05-26 12:07:48,315:INFO:Preloading libraries
2023-05-26 12:07:48,316:INFO:Set up data.
2023-05-26 12:07:48,325:INFO:Set up index.
2023-05-26 12:07:48,370:WARNING:/Users/albamolerachacon/opt/anaconda3/lib/python3.9/site-packages/sklearn/neighbors/_classification.py:228: FutureWarning: Unlike other reduction functions (e.g. `skew`, `kurtosis`), the default behavior of `mode` typically preserves the axis it acts along. In SciPy 1.11.0, this behavior will change: the default value of `keepdims` will become False, the `axis` over which the statistic is taken will be eliminated, and the value None will no longer be accepted. Set `keepdims` to True or False to avoid this warning.
  mode, _ = stats.mode(_y[neigh_ind, k], axis=1)

2023-05-26 12:08:02,567:INFO:Initializing predict_model()
2023-05-26 12:08:02,567:INFO:predict_model(self=<pycaret.classification.oop.ClassificationExperiment object at 0x7fd056c1cf70>, estimator=Pipeline(memory=FastMemory(location=/tmp/joblib),
         steps=[('label_encoding',
                 TransformerWrapperWithInverse(transformer=LabelEncoder())),
                ('numerical_imputer',
                 TransformerWrapper(include=['Age', 'Gender', 'Air Pollution',
                                             'Alcohol use', 'Dust Allergy',
                                             'OccuPational Hazards',
                                             'Genetic Risk',
                                             'chronic Lung Disease',
                                             'Balanced Diet', 'Obesity',
                                             'Smoking', 'Passive Smoker',
                                             'Ch...
                ('balance',
                 TransformerWrapper(transformer=FixImbalancer(estimator=SMOTE()))),
                ('transformation',
                 TransformerWrapper(transformer=PowerTransformer(standardize=False))),
                ('normalize', TransformerWrapper(transformer=StandardScaler())),
                ('clean_column_names',
                 TransformerWrapper(transformer=CleanColumnNames())),
                ('trained_model', KNeighborsClassifier(n_jobs=-1))]), probability_threshold=None, encoded_labels=False, raw_score=False, round=4, verbose=True, ml_usecase=None, preprocess=True, encode_labels=<function _SupervisedExperiment.predict_model.<locals>.encode_labels at 0x7fd056c65700>)
2023-05-26 12:08:02,567:INFO:Checking exceptions
2023-05-26 12:08:02,567:INFO:Preloading libraries
2023-05-26 12:08:02,567:INFO:Set up data.
2023-05-26 12:08:02,575:INFO:Set up index.
2023-05-26 12:08:02,622:WARNING:/Users/albamolerachacon/opt/anaconda3/lib/python3.9/site-packages/sklearn/neighbors/_classification.py:228: FutureWarning: Unlike other reduction functions (e.g. `skew`, `kurtosis`), the default behavior of `mode` typically preserves the axis it acts along. In SciPy 1.11.0, this behavior will change: the default value of `keepdims` will become False, the `axis` over which the statistic is taken will be eliminated, and the value None will no longer be accepted. Set `keepdims` to True or False to avoid this warning.
  mode, _ = stats.mode(_y[neigh_ind, k], axis=1)

2023-05-26 12:08:41,915:INFO:Initializing predict_model()
2023-05-26 12:08:41,915:INFO:predict_model(self=<pycaret.classification.oop.ClassificationExperiment object at 0x7fd02002e5e0>, estimator=Pipeline(memory=FastMemory(location=/tmp/joblib),
         steps=[('label_encoding',
                 TransformerWrapperWithInverse(transformer=LabelEncoder())),
                ('numerical_imputer',
                 TransformerWrapper(include=['Age', 'Gender', 'Air Pollution',
                                             'Alcohol use', 'Dust Allergy',
                                             'OccuPational Hazards',
                                             'Genetic Risk',
                                             'chronic Lung Disease',
                                             'Balanced Diet', 'Obesity',
                                             'Smoking', 'Passive Smoker',
                                             'Ch...
                ('balance',
                 TransformerWrapper(transformer=FixImbalancer(estimator=SMOTE()))),
                ('transformation',
                 TransformerWrapper(transformer=PowerTransformer(standardize=False))),
                ('normalize', TransformerWrapper(transformer=StandardScaler())),
                ('clean_column_names',
                 TransformerWrapper(transformer=CleanColumnNames())),
                ('trained_model', KNeighborsClassifier(n_jobs=-1))]), probability_threshold=None, encoded_labels=False, raw_score=False, round=4, verbose=True, ml_usecase=None, preprocess=True, encode_labels=<function _SupervisedExperiment.predict_model.<locals>.encode_labels at 0x7fd056c65700>)
2023-05-26 12:08:41,915:INFO:Checking exceptions
2023-05-26 12:08:41,915:INFO:Preloading libraries
2023-05-26 12:08:41,915:INFO:Set up data.
2023-05-26 12:08:41,924:INFO:Set up index.
2023-05-26 12:08:41,969:WARNING:/Users/albamolerachacon/opt/anaconda3/lib/python3.9/site-packages/sklearn/neighbors/_classification.py:228: FutureWarning: Unlike other reduction functions (e.g. `skew`, `kurtosis`), the default behavior of `mode` typically preserves the axis it acts along. In SciPy 1.11.0, this behavior will change: the default value of `keepdims` will become False, the `axis` over which the statistic is taken will be eliminated, and the value None will no longer be accepted. Set `keepdims` to True or False to avoid this warning.
  mode, _ = stats.mode(_y[neigh_ind, k], axis=1)

2023-05-26 12:11:16,125:INFO:Initializing predict_model()
2023-05-26 12:11:16,126:INFO:predict_model(self=<pycaret.classification.oop.ClassificationExperiment object at 0x7fd02002e5e0>, estimator=Pipeline(memory=FastMemory(location=/tmp/joblib),
         steps=[('label_encoding',
                 TransformerWrapperWithInverse(transformer=LabelEncoder())),
                ('numerical_imputer',
                 TransformerWrapper(include=['Age', 'Gender', 'Air Pollution',
                                             'Alcohol use', 'Dust Allergy',
                                             'OccuPational Hazards',
                                             'Genetic Risk',
                                             'chronic Lung Disease',
                                             'Balanced Diet', 'Obesity',
                                             'Smoking', 'Passive Smoker',
                                             'Ch...
                ('balance',
                 TransformerWrapper(transformer=FixImbalancer(estimator=SMOTE()))),
                ('transformation',
                 TransformerWrapper(transformer=PowerTransformer(standardize=False))),
                ('normalize', TransformerWrapper(transformer=StandardScaler())),
                ('clean_column_names',
                 TransformerWrapper(transformer=CleanColumnNames())),
                ('trained_model', KNeighborsClassifier(n_jobs=-1))]), probability_threshold=None, encoded_labels=False, raw_score=False, round=4, verbose=True, ml_usecase=None, preprocess=True, encode_labels=<function _SupervisedExperiment.predict_model.<locals>.encode_labels at 0x7fd056c65700>)
2023-05-26 12:11:16,126:INFO:Checking exceptions
2023-05-26 12:11:16,126:INFO:Preloading libraries
2023-05-26 12:11:16,126:INFO:Set up data.
2023-05-26 12:11:16,134:INFO:Set up index.
2023-05-26 12:11:16,182:WARNING:/Users/albamolerachacon/opt/anaconda3/lib/python3.9/site-packages/sklearn/neighbors/_classification.py:228: FutureWarning: Unlike other reduction functions (e.g. `skew`, `kurtosis`), the default behavior of `mode` typically preserves the axis it acts along. In SciPy 1.11.0, this behavior will change: the default value of `keepdims` will become False, the `axis` over which the statistic is taken will be eliminated, and the value None will no longer be accepted. Set `keepdims` to True or False to avoid this warning.
  mode, _ = stats.mode(_y[neigh_ind, k], axis=1)

2023-05-26 14:05:58,237:WARNING:
'cuml' is a soft dependency and not included in the pycaret installation. Please run: `pip install cuml` to install.
2023-05-26 14:05:58,237:WARNING:
'cuml' is a soft dependency and not included in the pycaret installation. Please run: `pip install cuml` to install.
2023-05-26 14:05:58,237:WARNING:
'cuml' is a soft dependency and not included in the pycaret installation. Please run: `pip install cuml` to install.
2023-05-26 14:05:58,237:WARNING:
'cuml' is a soft dependency and not included in the pycaret installation. Please run: `pip install cuml` to install.
2023-05-26 14:05:58,664:WARNING:
'prophet' is a soft dependency and not included in the pycaret installation. Please run: `pip install prophet` to install.
2023-05-26 14:05:59,142:INFO:Initializing load_model()
2023-05-26 14:05:59,142:INFO:load_model(model_name=lightgbm, platform=None, authentication=None, verbose=True)
2023-05-26 14:05:59,143:WARNING:/Users/albamolerachacon/opt/anaconda3/lib/python3.9/site-packages/sklearn/base.py:329: UserWarning: Trying to unpickle estimator LabelEncoder from version 1.2.2 when using version 1.0.2. This might lead to breaking code or invalid results. Use at your own risk. For more info please refer to:
https://scikit-learn.org/stable/modules/model_persistence.html#security-maintainability-limitations
  warnings.warn(

2023-05-26 14:05:59,143:WARNING:/Users/albamolerachacon/opt/anaconda3/lib/python3.9/site-packages/sklearn/base.py:329: UserWarning: Trying to unpickle estimator SimpleImputer from version 1.2.2 when using version 1.0.2. This might lead to breaking code or invalid results. Use at your own risk. For more info please refer to:
https://scikit-learn.org/stable/modules/model_persistence.html#security-maintainability-limitations
  warnings.warn(

2023-05-26 14:05:59,146:WARNING:/Users/albamolerachacon/opt/anaconda3/lib/python3.9/site-packages/sklearn/base.py:329: UserWarning: Trying to unpickle estimator NearestNeighbors from version 1.2.2 when using version 1.0.2. This might lead to breaking code or invalid results. Use at your own risk. For more info please refer to:
https://scikit-learn.org/stable/modules/model_persistence.html#security-maintainability-limitations
  warnings.warn(

2023-05-26 14:05:59,146:WARNING:/Users/albamolerachacon/opt/anaconda3/lib/python3.9/site-packages/sklearn/base.py:329: UserWarning: Trying to unpickle estimator PowerTransformer from version 1.2.2 when using version 1.0.2. This might lead to breaking code or invalid results. Use at your own risk. For more info please refer to:
https://scikit-learn.org/stable/modules/model_persistence.html#security-maintainability-limitations
  warnings.warn(

2023-05-26 14:05:59,147:WARNING:/Users/albamolerachacon/opt/anaconda3/lib/python3.9/site-packages/sklearn/base.py:329: UserWarning: Trying to unpickle estimator StandardScaler from version 1.2.2 when using version 1.0.2. This might lead to breaking code or invalid results. Use at your own risk. For more info please refer to:
https://scikit-learn.org/stable/modules/model_persistence.html#security-maintainability-limitations
  warnings.warn(

2023-05-26 14:05:59,147:WARNING:/Users/albamolerachacon/opt/anaconda3/lib/python3.9/site-packages/sklearn/base.py:329: UserWarning: Trying to unpickle estimator KNeighborsClassifier from version 1.2.2 when using version 1.0.2. This might lead to breaking code or invalid results. Use at your own risk. For more info please refer to:
https://scikit-learn.org/stable/modules/model_persistence.html#security-maintainability-limitations
  warnings.warn(

2023-05-26 14:05:59,148:WARNING:/Users/albamolerachacon/opt/anaconda3/lib/python3.9/site-packages/pycaret/internal/pipeline.py:135: UserWarning: Version mismatch:
current: {'deps_info': {'pip': '22.2.2', 'setuptools': '63.4.1', 'pycaret': '3.0.2', 'IPython': '7.31.1', 'ipywidgets': '7.6.5', 'tqdm': '4.64.1', 'numpy': '1.21.5', 'pandas': '1.4.4', 'jinja2': '2.11.3', 'scipy': '1.9.1', 'joblib': '1.2.0', 'sklearn': '1.0.2', 'pyod': '1.0.9', 'imblearn': '0.10.1', 'category_encoders': '2.6.1', 'lightgbm': '3.3.5', 'numba': '0.55.1', 'requests': '2.28.1', 'matplotlib': '3.5.2', 'scikitplot': '0.3.7', 'yellowbrick': '1.5', 'plotly': '5.9.0', 'kaleido': '0.2.1', 'statsmodels': '0.13.2', 'sktime': '0.17.0', 'tbats': '1.1.3', 'pmdarima': '2.0.3', 'psutil': '5.9.0'}, 'python': {'version': '3.9.13', 'machine': 'x86_64'}}
pickle: {'deps_info': {'pip': '23.1.2', 'setuptools': '67.7.2', 'pycaret': '3.0.2', 'IPython': '7.34.0', 'ipywidgets': '7.7.1', 'tqdm': '4.64.1', 'numpy': '1.22.4', 'pandas': '1.5.3', 'jinja2': '3.1.2', 'scipy': '1.9.3', 'joblib': '1.2.0', 'sklearn': '1.2.2', 'pyod': '1.0.9', 'imblearn': '0.10.1', 'category_encoders': '2.6.1', 'lightgbm': '3.3.5', 'numba': '0.56.4', 'requests': '2.27.1', 'matplotlib': '3.6.3', 'scikitplot': '0.3.7', 'yellowbrick': '1.5', 'plotly': '5.13.1', 'kaleido': '0.2.1', 'statsmodels': '0.13.5', 'sktime': '0.17.0', 'tbats': '1.1.3', 'pmdarima': '2.0.3', 'psutil': '5.9.5'}, 'python': {'version': '3.10.11', 'machine': 'x86_64'}}
  warnings.warn(

